-------------------------------------------------------------------------------
Test set: com.springboot.paymentapi.controller.PaymentInitiationControllerTest
-------------------------------------------------------------------------------
Tests run: 3, Failures: 1, Errors: 0, Skipped: 0, Time elapsed: 6.508 s <<< FAILURE! - in com.springboot.paymentapi.controller.PaymentInitiationControllerTest
testInitiatePayment_Expect_Payment_Rejected_With_Null_Mandatory_Field  Time elapsed: 0.413 s  <<< FAILURE!
java.lang.AssertionError: Status expected:<400> but was:<201>
	at com.springboot.paymentapi.controller.PaymentInitiationControllerTest.testInitiatePayment_Expect_Payment_Rejected_With_Null_Mandatory_Field(PaymentInitiationControllerTest.java:136)

